INFO:root:subthread started.
INFO:root:tree1filter Good stocks: 
INFO:root:002130		4.0	last day of data on 2017-03-30
INFO:root:002460		4.0	last day of data on 2017-03-30
INFO:root:300244		3.0	last day of data on 2017-03-30
INFO:root:300352		3.0	last day of data on 2017-03-30
INFO:root:000860		3.0	last day of data on 2017-03-30
INFO:root:600648		2.0	last day of data on 2017-03-30
INFO:root:2015-10-16 TP/FP: 100.00%/0.00% Average Growth: 4.073%
INFO:root:2015-10-15 TP/FP: 80.00%/20.00% Average Growth: 2.965%
INFO:root:2015-10-14 TP/FP: 50.00%/50.00% Average Growth: 0.203%
INFO:root:2015-10-13 TP/FP: 75.00%/25.00% Average Growth: 4.349%
INFO:root:2015-10-12 TP/FP: 100.00%/0.00% Average Growth: 3.843%
INFO:root:2015-10-09 TP/FP: 100.00%/0.00% Average Growth: 2.079%
INFO:root:2015-10-08 TP/FP: 0.00%/0.00% Average Growth: 0.000%
INFO:root:2015-10-07 TP/FP: 0.00%/0.00% Average Growth: 0.000%
INFO:root:2015-10-06 TP/FP: 0.00%/0.00% Average Growth: 0.000%
INFO:root:2015-10-05 TP/FP: 0.00%/100.00% Average Growth: -1.546%
INFO:root:2015-10-02 TP/FP: 0.00%/100.00% Average Growth: -1.546%
INFO:root:2015-10-01 TP/FP: 0.00%/100.00% Average Growth: -1.546%
INFO:root:2015-09-30 TP/FP: 50.00%/50.00% Average Growth: -0.866%
INFO:root:2015-09-29 TP/FP: 0.00%/100.00% Average Growth: -3.049%
INFO:root:2015-09-28 TP/FP: 100.00%/0.00% Average Growth: 2.431%
INFO:root:2015-09-25 TP/FP: 0.00%/100.00% Average Growth: -6.592%
INFO:root:2015-09-24 TP/FP: 0.00%/100.00% Average Growth: -3.048%
INFO:root:2015-09-23 TP/FP: 100.00%/0.00% Average Growth: 1.490%
INFO:root:2015-09-22 TP/FP: 100.00%/0.00% Average Growth: 2.223%
INFO:root:2015-09-21 TP/FP: 100.00%/0.00% Average Growth: 4.577%
INFO:root:2015-09-18 TP/FP: 71.43%/28.57% Average Growth: 0.864%
INFO:root:2015-09-17 TP/FP: 20.00%/80.00% Average Growth: -2.851%
INFO:root:2015-09-16 TP/FP: 87.50%/12.50% Average Growth: 5.374%
INFO:root:2015-09-15 TP/FP: 33.33%/66.67% Average Growth: -1.466%
INFO:root:tree1filter Average TP/FP: 55.58% / 44.42% Average Growth: 0.570%
