INFO:root:subthread started.
INFO:root:tree1filter Good stocks: 
INFO:root:002242		3.5	last day of data on 2017-03-30
INFO:root:002130		3.5	last day of data on 2017-03-30
INFO:root:2015-10-16 TP/FP: 100.00%/0.00% Average Growth: 3.207%
INFO:root:2015-10-15 TP/FP: 100.00%/0.00% Average Growth: 5.991%
INFO:root:2015-10-14 TP/FP: 50.00%/50.00% Average Growth: 0.548%
INFO:root:2015-10-13 TP/FP: 100.00%/0.00% Average Growth: 9.017%
INFO:root:2015-10-12 TP/FP: 0.00%/0.00% Average Growth: 0.000%
INFO:root:2015-10-09 TP/FP: 100.00%/0.00% Average Growth: 0.975%
INFO:root:2015-10-08 TP/FP: 0.00%/0.00% Average Growth: 0.000%
INFO:root:2015-10-07 TP/FP: 0.00%/0.00% Average Growth: 0.000%
INFO:root:2015-10-06 TP/FP: 0.00%/0.00% Average Growth: 0.000%
INFO:root:2015-10-05 TP/FP: 0.00%/100.00% Average Growth: -1.546%
INFO:root:2015-10-02 TP/FP: 0.00%/100.00% Average Growth: -1.546%
INFO:root:2015-10-01 TP/FP: 0.00%/100.00% Average Growth: -1.546%
INFO:root:2015-09-30 TP/FP: 0.00%/100.00% Average Growth: -5.405%
INFO:root:2015-09-29 TP/FP: 0.00%/0.00% Average Growth: 0.000%
INFO:root:2015-09-28 TP/FP: 0.00%/100.00% Average Growth: -2.474%
INFO:root:2015-09-25 TP/FP: 0.00%/0.00% Average Growth: 0.000%
INFO:root:2015-09-24 TP/FP: 0.00%/0.00% Average Growth: 0.000%
INFO:root:2015-09-23 TP/FP: 33.33%/66.67% Average Growth: -0.288%
INFO:root:2015-09-22 TP/FP: 60.00%/40.00% Average Growth: 1.620%
INFO:root:2015-09-21 TP/FP: 100.00%/0.00% Average Growth: 5.872%
INFO:root:2015-09-18 TP/FP: 100.00%/0.00% Average Growth: 3.192%
INFO:root:2015-09-17 TP/FP: 0.00%/100.00% Average Growth: -2.713%
INFO:root:2015-09-16 TP/FP: 100.00%/0.00% Average Growth: 9.787%
INFO:root:2015-09-15 TP/FP: 50.00%/50.00% Average Growth: -0.674%
INFO:root:tree1filter Average TP/FP: 52.55% / 47.45% Average Growth: 1.413%
